  [4;36;1mSQL (0.3ms)[0m   [0;1m SELECT name
 FROM sqlite_master
 WHERE type = 'table' AND NOT name = 'sqlite_sequence'
[0m
  [4;35;1mSQL (0.2ms)[0m   [0mselect sqlite_version(*)[0m
  [4;36;1mSQL (28.8ms)[0m   [0;1mCREATE TABLE "schema_migrations" ("version" varchar(255) NOT NULL) [0m
  [4;35;1mSQL (1.1ms)[0m   [0mCREATE UNIQUE INDEX "unique_schema_migrations" ON "schema_migrations" ("version")[0m
  [4;36;1mSQL (0.3ms)[0m   [0;1m SELECT name
 FROM sqlite_master
 WHERE type = 'table' AND NOT name = 'sqlite_sequence'
[0m
  [4;35;1mSQL (0.1ms)[0m   [0mSELECT version FROM schema_migrations[0m
Migrating to CreateUsers (20100602162347)
  [4;36;1mSQL (0.6ms)[0m   [0;1mCREATE TABLE "users" ("id" INTEGER PRIMARY KEY AUTOINCREMENT NOT NULL, "name" varchar(255) NOT NULL, "email" varchar(255) NOT NULL, "crypted_password" varchar(255) NOT NULL, "password_salt" varchar(255) NOT NULL, "persistence_token" varchar(255) NOT NULL, "perishable_token" varchar(255) NOT NULL, "created_at" datetime, "updated_at" datetime) [0m
  [4;35;1mSQL (0.1ms)[0m   [0mINSERT INTO schema_migrations (version) VALUES ('20100602162347')[0m
  [4;36;1mSQL (0.3ms)[0m   [0;1m SELECT name
 FROM sqlite_master
 WHERE type = 'table' AND NOT name = 'sqlite_sequence'
[0m
  [4;35;1mSQL (0.1ms)[0m   [0mSELECT version FROM schema_migrations[0m
  [4;36;1mSQL (0.1ms)[0m   [0;1m SELECT name
 FROM sqlite_master
 WHERE type = 'table' AND NOT name = 'sqlite_sequence'
[0m
  [4;35;1mSQL (0.0ms)[0m   [0mPRAGMA index_list("users")[0m


Processing UserSessionsController#new (for 127.0.0.1 at 2010-06-23 18:09:14) [GET]
  Parameters: {"action"=>"new", "controller"=>"user_sessions"}
Rendering template within layouts/application
Rendering user_sessions/new
Completed in 573ms (View: 150, DB: 0) | 200 OK [http://localhost/]


Processing ApplicationController#home (for 127.0.0.1 at 2010-06-23 18:11:06) [GET]
  Parameters: {"action"=>"home", "controller"=>"application"}

ActionController::UnknownAction (No action responded to home. Actions: ):
  

Rendering rescues/layout (not_found)


Processing ApplicationController#home (for 127.0.0.1 at 2010-06-23 18:11:18) [GET]
  Parameters: {"action"=>"home", "controller"=>"application"}

ActionView::MissingTemplate (Missing template application/home.erb in view path app/views):
  

Rendering rescues/layout (internal_server_error)


Processing ApplicationController#home (for 127.0.0.1 at 2010-06-23 18:11:46) [GET]
  Parameters: {"action"=>"home", "controller"=>"application"}
Rendering template within layouts/application
Rendering application/home
Completed in 8ms (View: 7, DB: 0) | 200 OK [http://localhost/]


Processing ApplicationController#home (for 127.0.0.1 at 2010-06-23 18:14:41) [GET]
  Parameters: {"action"=>"home", "controller"=>"application"}
Rendering template within layouts/application
Rendering application/home
Completed in 7ms (View: 5, DB: 0) | 200 OK [http://localhost/]


Processing ApplicationController#home (for 127.0.0.1 at 2010-06-23 23:33:27) [GET]
  Parameters: {"action"=>"home", "controller"=>"application"}
Rendering template within layouts/application
Rendering application/home

ActionView::TemplateError (undefined local variable or method `s3_swf_upload_tag' for #<ActionView::Base:0x23427e8>) on line #4 of app/views/application/home.html.erb:
1: <h1>ReTouchMe.net</h1>
2: 
3: Enter your email: <%= text_field_tag :email %><br />
4: Upload your photo: <%= s3_swf_upload_tag %>

    app/views/application/home.html.erb:4

Rendered rescues/_trace (95.6ms)
Rendered rescues/_request_and_response (1.5ms)
Rendering rescues/layout (internal_server_error)


Processing ApplicationController#home (for 127.0.0.1 at 2010-06-23 23:33:41) [GET]
  Parameters: {"action"=>"home", "controller"=>"application"}
Rendering template within layouts/application
Rendering application/home
Completed in 74ms (View: 73, DB: 0) | 200 OK [http://localhost/]


Processing ApplicationController#home (for 127.0.0.1 at 2010-06-23 23:35:23) [GET]
  Parameters: {"action"=>"home", "controller"=>"application"}
Rendering template within layouts/application
Rendering application/home
Completed in 10ms (View: 6, DB: 0) | 200 OK [http://localhost/]


Processing S3UploadsController#index (for 127.0.0.1 at 2010-06-23 23:35:41) [GET]
  Parameters: {"content_type"=>"null", "file_name"=>"AUTHORS", "action"=>"index", "file_size"=>"655", "controller"=>"s3_uploads", "do_checks"=>"0", "key"=>"prefix_in_bucket/AUTHORS"}
Completed in 154ms (View: 1, DB: 0) | 200 OK [http://localhost/s3_uploads?file%5Fname=AUTHORS&do%5Fchecks=0&file%5Fsize=655&key=prefix%5Fin%5Fbucket%2FAUTHORS&content%5Ftype=null]


Processing ApplicationController#home (for 127.0.0.1 at 2010-06-23 23:36:55) [GET]
  Parameters: {"action"=>"home", "controller"=>"application"}
Rendering template within layouts/application
Rendering application/home
Completed in 8ms (View: 6, DB: 0) | 200 OK [http://localhost/]


Processing S3UploadsController#index (for 127.0.0.1 at 2010-06-23 23:37:05) [GET]
  Parameters: {"content_type"=>"null", "file_name"=>"AUTHORS", "action"=>"index", "file_size"=>"655", "controller"=>"s3_uploads", "do_checks"=>"0", "key"=>"AUTHORS"}
Completed in 139ms (View: 1, DB: 0) | 200 OK [http://localhost/s3_uploads?do%5Fchecks=0&file%5Fsize=655&content%5Ftype=null&file%5Fname=AUTHORS&key=AUTHORS]


Processing ApplicationController#home (for 127.0.0.1 at 2010-06-23 23:37:49) [GET]
  Parameters: {"action"=>"home", "controller"=>"application"}
Rendering template within layouts/application
Rendering application/home
Completed in 7ms (View: 5, DB: 0) | 200 OK [http://localhost/]


Processing S3UploadsController#index (for 127.0.0.1 at 2010-06-23 23:42:17) [GET]
  Parameters: {"content_type"=>"null", "file_name"=>"AUTHORS", "action"=>"index", "file_size"=>"655", "controller"=>"s3_uploads", "do_checks"=>"0", "key"=>"AUTHORS"}
Completed in 77ms (View: 1, DB: 0) | 200 OK [http://localhost/s3_uploads?do%5Fchecks=0&file%5Fsize=655&content%5Ftype=null&file%5Fname=AUTHORS&key=AUTHORS]


Processing S3UploadsController#index (for 127.0.0.1 at 2010-06-23 23:45:25) [GET]
  Parameters: {"content_type"=>"null", "file_name"=>"AUTHORS", "action"=>"index", "file_size"=>"655", "controller"=>"s3_uploads", "do_checks"=>"0", "key"=>"AUTHORS"}
Completed in 150ms (View: 1, DB: 0) | 200 OK [http://localhost/s3_uploads?do%5Fchecks=0&file%5Fsize=655&content%5Ftype=null&file%5Fname=AUTHORS&key=AUTHORS]


Processing ApplicationController#home (for 127.0.0.1 at 2010-06-24 08:54:24) [GET]
  Parameters: {"action"=>"home", "controller"=>"application"}
Rendering template within layouts/application
Rendering application/home
Completed in 3ms (View: 2, DB: 0) | 200 OK [http://localhost/]


Processing ApplicationController#home (for 127.0.0.1 at 2010-06-24 08:54:56) [GET]
  Parameters: {"action"=>"home", "controller"=>"application"}
Rendering template within layouts/application
Rendering application/home
Completed in 7ms (View: 6, DB: 0) | 200 OK [http://localhost/]


Processing ApplicationController#home (for 127.0.0.1 at 2010-06-24 08:55:05) [GET]
  Parameters: {"action"=>"home", "controller"=>"application"}
Rendering template within layouts/application
Rendering application/home
Completed in 7ms (View: 5, DB: 0) | 200 OK [http://localhost/]


Processing ApplicationController#home (for 127.0.0.1 at 2010-06-24 08:55:13) [GET]
  Parameters: {"action"=>"home", "controller"=>"application"}
Rendering template within layouts/application
Rendering application/home
Completed in 7ms (View: 5, DB: 0) | 200 OK [http://localhost/]


Processing ApplicationController#home (for 127.0.0.1 at 2010-06-24 10:05:25) [GET]
  Parameters: {"action"=>"home", "controller"=>"application"}
Rendering template within layouts/application
Rendering application/home
Completed in 122ms (View: 120, DB: 0) | 200 OK [http://localhost/]


Processing S3UploadsController#index to xml (for 127.0.0.1 at 2010-06-24 10:05:39) [GET]
  Parameters: {"content_type"=>"image/jpeg", "format"=>"xml", "action"=>"index", "controller"=>"s3_uploads", "key"=>"images-1.jpg"}

NoMethodError (You have a nil object when you didn't expect it!
You might have expected an instance of Array.
The error occurred while evaluating nil.length):
  app/controllers/s3_uploads_controller.rb:36:in `index'

Rendered rescues/_trace (32.4ms)
Rendered rescues/_request_and_response (1.7ms)
Rendering rescues/layout (internal_server_error)


Processing S3UploadsController#index to xml (for 127.0.0.1 at 2010-06-24 10:06:39) [GET]
  Parameters: {"content_type"=>"image/jpeg", "format"=>"xml", "action"=>"index", "controller"=>"s3_uploads", "key"=>"images-1.jpg"}

***** Debugger requested, but was not available: Start server with --debugger to enable *****

NoMethodError (You have a nil object when you didn't expect it!
You might have expected an instance of Array.
The error occurred while evaluating nil.length):
  app/controllers/s3_uploads_controller.rb:36:in `index'

Rendered rescues/_trace (34.5ms)
Rendered rescues/_request_and_response (0.4ms)
Rendering rescues/layout (internal_server_error)


Processing S3UploadsController#index to xml (for 127.0.0.1 at 2010-06-24 10:06:46) [GET]
  Parameters: {"content_type"=>"image/jpeg", "format"=>"xml", "action"=>"index", "controller"=>"s3_uploads", "key"=>"images-1.jpg"}

***** Debugger requested, but was not available: Start server with --debugger to enable *****

NoMethodError (You have a nil object when you didn't expect it!
You might have expected an instance of Array.
The error occurred while evaluating nil.length):
  app/controllers/s3_uploads_controller.rb:36:in `index'

Rendered rescues/_trace (95.9ms)
Rendered rescues/_request_and_response (0.4ms)
Rendering rescues/layout (internal_server_error)


Processing ApplicationController#home (for 127.0.0.1 at 2010-06-24 10:07:02) [GET]
  Parameters: {"action"=>"home", "controller"=>"application"}
Rendering template within layouts/application
Rendering application/home
Completed in 81ms (View: 79, DB: 0) | 200 OK [http://localhost/]


Processing S3UploadsController#index to xml (for 127.0.0.1 at 2010-06-24 10:07:12) [GET]
  Parameters: {"content_type"=>"image/jpeg", "format"=>"xml", "action"=>"index", "controller"=>"s3_uploads", "key"=>"images-1.jpg"}

***** Debugger requested, but was not available: Start server with --debugger to enable *****

NoMethodError (You have a nil object when you didn't expect it!
You might have expected an instance of Array.
The error occurred while evaluating nil.length):
  app/controllers/s3_uploads_controller.rb:36:in `index'

Rendered rescues/_trace (32.8ms)
Rendered rescues/_request_and_response (1.5ms)
Rendering rescues/layout (internal_server_error)
DEPRECATION WARNING: ActiveRecord::HasManyThroughCantAssociateThroughHasManyReflection is deprecated! Use ActiveRecord::HasManyThroughCantAssociateThroughHasOneOrManyReflection instead.. (called from process at /Library/Ruby/Gems/1.8/gems/mongrel-1.1.5/bin/../lib/mongrel/debug.rb:128)
DEPRECATION WARNING: ActiveSupport::JSON::CircularReferenceError is deprecated! Use ActiveSupport::JSON::Encoding::CircularReferenceError instead.. (called from process at /Library/Ruby/Gems/1.8/gems/mongrel-1.1.5/bin/../lib/mongrel/debug.rb:128)


Processing S3UploadsController#index to xml (for 127.0.0.1 at 2010-06-24 10:07:58) [GET]
  Parameters: {"content_type"=>"image/jpeg", "format"=>"xml", "action"=>"index", "controller"=>"s3_uploads", "key"=>"images-1.jpg"}

***** Debugger requested, but was not available: Start server with --debugger to enable *****

NoMethodError (You have a nil object when you didn't expect it!
You might have expected an instance of Array.
The error occurred while evaluating nil.length):
  app/controllers/s3_uploads_controller.rb:36:in `index'

Rendered rescues/_trace (77.6ms)
Rendered rescues/_request_and_response (1.5ms)
Rendering rescues/layout (internal_server_error)
DEPRECATION WARNING: ActiveRecord::HasManyThroughCantAssociateThroughHasManyReflection is deprecated! Use ActiveRecord::HasManyThroughCantAssociateThroughHasOneOrManyReflection instead.. (called from process at /Library/Ruby/Gems/1.8/gems/mongrel-1.1.5/bin/../lib/mongrel/debug.rb:128)
DEPRECATION WARNING: ActiveSupport::JSON::CircularReferenceError is deprecated! Use ActiveSupport::JSON::Encoding::CircularReferenceError instead.. (called from process at /Library/Ruby/Gems/1.8/gems/mongrel-1.1.5/bin/../lib/mongrel/debug.rb:128)


Processing S3UploadsController#index to xml (for 127.0.0.1 at 2010-06-24 10:08:11) [GET]
  Parameters: {"content_type"=>"image/jpeg", "format"=>"xml", "action"=>"index", "controller"=>"s3_uploads", "key"=>"images-1.jpg"}

***** Debugger requested, but was not available: Start server with --debugger to enable *****

NoMethodError (You have a nil object when you didn't expect it!
You might have expected an instance of Array.
The error occurred while evaluating nil.length):
  app/controllers/s3_uploads_controller.rb:36:in `index'

Rendered rescues/_trace (30.5ms)
Rendered rescues/_request_and_response (0.4ms)
Rendering rescues/layout (internal_server_error)


Processing ApplicationController#home (for 127.0.0.1 at 2010-06-24 10:08:38) [GET]
  Parameters: {"action"=>"home", "controller"=>"application"}
Rendering template within layouts/application
Rendering application/home
Completed in 33ms (View: 29, DB: 0) | 200 OK [http://localhost/]


Processing S3UploadsController#index to xml (for 127.0.0.1 at 2010-06-24 10:08:43) [GET]
  Parameters: {"content_type"=>"image/jpeg", "format"=>"xml", "action"=>"index", "controller"=>"s3_uploads", "key"=>"images-1.jpg"}


Processing ApplicationController#home (for 127.0.0.1 at 2010-06-24 10:14:45) [GET]
  Parameters: {"action"=>"home", "controller"=>"application"}
Rendering template within layouts/application
Rendering application/home
Completed in 28ms (View: 27, DB: 0) | 200 OK [http://localhost/]


Processing S3UploadsController#index to xml (for 127.0.0.1 at 2010-06-24 10:14:51) [GET]
  Parameters: {"content_type"=>"image/jpeg", "format"=>"xml", "action"=>"index", "controller"=>"s3_uploads", "key"=>"images-1.jpg"}
Completed in 6046ms (View: 1, DB: 0) | 200 OK [http://localhost/s3_uploads.xml?content%5Ftype=image%2Fjpeg&key=images%2D1%2Ejpg]


Processing S3UploadsController#index to xml (for 127.0.0.1 at 2010-06-24 10:16:36) [GET]
  Parameters: {"content_type"=>"image/jpeg", "format"=>"xml", "action"=>"index", "controller"=>"s3_uploads", "key"=>"images-1.jpg"}


Processing ApplicationController#home (for 127.0.0.1 at 2010-06-24 10:17:12) [GET]
  Parameters: {"action"=>"home", "controller"=>"application"}
Rendering template within layouts/application
Rendering application/home
Completed in 29ms (View: 28, DB: 0) | 200 OK [http://localhost/]


Processing S3UploadsController#index to xml (for 127.0.0.1 at 2010-06-24 10:17:17) [GET]
  Parameters: {"content_type"=>"image/jpeg", "format"=>"xml", "action"=>"index", "controller"=>"s3_uploads", "key"=>"images-1.jpg"}
Completed in 3913ms (View: 1, DB: 0) | 200 OK [http://localhost/s3_uploads.xml?content%5Ftype=image%2Fjpeg&key=images%2D1%2Ejpg]


Processing ApplicationController#home (for 127.0.0.1 at 2010-06-24 10:22:29) [GET]
  Parameters: {"action"=>"home", "controller"=>"application"}
Rendering template within layouts/application
Rendering application/home
Completed in 10ms (View: 8, DB: 0) | 200 OK [http://localhost/]


Processing S3UploadsController#index to xml (for 127.0.0.1 at 2010-06-24 10:23:14) [GET]
  Parameters: {"content_type"=>"image/jpeg", "format"=>"xml", "action"=>"index", "controller"=>"s3_uploads", "key"=>"images-1.jpg"}
Completed in 156ms (View: 1, DB: 0) | 200 OK [http://localhost/s3_uploads.xml?key=images%2D1%2Ejpg&content%5Ftype=image%2Fjpeg]


Processing S3UploadsController#index to xml (for 127.0.0.1 at 2010-06-24 10:24:03) [GET]
  Parameters: {"content_type"=>"image/jpeg", "format"=>"xml", "action"=>"index", "controller"=>"s3_uploads", "key"=>"images-1.jpg"}
Completed in 159ms (View: 1, DB: 0) | 200 OK [http://localhost/s3_uploads.xml?key=images%2D1%2Ejpg&content%5Ftype=image%2Fjpeg]


Processing ApplicationController#home (for 127.0.0.1 at 2010-06-24 10:25:03) [GET]
  Parameters: {"action"=>"home", "controller"=>"application"}
Rendering template within layouts/application
Rendering application/home
Completed in 15ms (View: 13, DB: 0) | 200 OK [http://localhost/]


Processing ApplicationController#home (for 127.0.0.1 at 2010-06-24 10:25:57) [GET]
  Parameters: {"action"=>"home", "controller"=>"application"}
Rendering template within layouts/application
Rendering application/home
Completed in 15ms (View: 13, DB: 0) | 200 OK [http://localhost/]


Processing S3UploadsController#index to xml (for 127.0.0.1 at 2010-06-24 10:26:04) [GET]
  Parameters: {"content_type"=>"image/jpeg", "format"=>"xml", "action"=>"index", "controller"=>"s3_uploads", "key"=>"images-1.jpg"}
Completed in 159ms (View: 1, DB: 0) | 200 OK [http://localhost/s3_uploads.xml?content%5Ftype=image%2Fjpeg&key=images%2D1%2Ejpg]


Processing ApplicationController#home (for 127.0.0.1 at 2010-06-24 10:26:24) [GET]
  Parameters: {"action"=>"home", "controller"=>"application"}
Rendering template within layouts/application
Rendering application/home
Completed in 5ms (View: 3, DB: 0) | 200 OK [http://localhost/]


Processing S3UploadsController#index to xml (for 127.0.0.1 at 2010-06-24 10:26:35) [GET]
  Parameters: {"content_type"=>"image/jpeg", "format"=>"xml", "action"=>"index", "controller"=>"s3_uploads", "key"=>"headshot_copy.jpg"}
Completed in 158ms (View: 1, DB: 0) | 200 OK [http://localhost/s3_uploads.xml?key=headshot%5Fcopy%2Ejpg&content%5Ftype=image%2Fjpeg]


Processing ApplicationController#home (for 127.0.0.1 at 2010-06-24 10:28:14) [GET]
  Parameters: {"action"=>"home", "controller"=>"application"}
Rendering template within layouts/application
Rendering application/home
Completed in 6ms (View: 3, DB: 0) | 200 OK [http://localhost/]


Processing ApplicationController#home (for 127.0.0.1 at 2010-06-24 10:30:27) [GET]
  Parameters: {"action"=>"home", "controller"=>"application"}
Rendering template within layouts/application
Rendering application/home
Completed in 6ms (View: 3, DB: 0) | 200 OK [http://localhost/]


Processing ApplicationController#home (for 127.0.0.1 at 2010-06-25 17:26:39) [GET]
  Parameters: {"action"=>"home", "controller"=>"application"}
Rendering template within layouts/application
Rendering application/home
Completed in 150ms (View: 149, DB: 0) | 200 OK [http://localhost/]


Processing ApplicationController#home (for 127.0.0.1 at 2010-06-25 17:28:26) [GET]
  Parameters: {"action"=>"home", "controller"=>"application"}
Rendering template within layouts/application
Rendering application/home
Completed in 9ms (View: 7, DB: 0) | 200 OK [http://localhost/]


Processing ApplicationController#home (for 127.0.0.1 at 2010-06-25 17:28:55) [GET]
  Parameters: {"action"=>"home", "controller"=>"application"}
Rendering template within layouts/application
Rendering application/home
Completed in 10ms (View: 8, DB: 0) | 200 OK [http://localhost/]


Processing ApplicationController#home (for 127.0.0.1 at 2010-06-25 17:33:15) [GET]
  Parameters: {"action"=>"home", "controller"=>"application"}
Rendering template within layouts/application
Rendering application/home
Completed in 9ms (View: 7, DB: 0) | 200 OK [http://localhost/]


Processing ApplicationController#home (for 127.0.0.1 at 2010-06-25 17:33:28) [GET]
  Parameters: {"action"=>"home", "controller"=>"application"}
Rendering template within layouts/application
Rendering application/home
Completed in 8ms (View: 6, DB: 0) | 200 OK [http://localhost/]


Processing ApplicationController#index (for 127.0.0.1 at 2010-06-25 17:33:44) [POST]
  Parameters: {"authenticity_token"=>"3o7LGOzKOcYjVudLfisCKWATYz8dwE5Vv0qhSN7KnkU=", "image"=>"images-1.jpg", "email"=>"scotter"}

ActionController::RoutingError (No route matches "/products" with {:method=>:post}):
  

Rendering rescues/layout (not_found)


Processing ApplicationController#index (for 127.0.0.1 at 2010-06-25 17:39:52) [POST]
  Parameters: {"authenticity_token"=>"3o7LGOzKOcYjVudLfisCKWATYz8dwE5Vv0qhSN7KnkU=", "image"=>"images-1.jpg", "email"=>"scotter"}

ActionController::RoutingError (No route matches "/products" with {:method=>:post}):
  

Rendering rescues/layout (not_found)


Processing ApplicationController#products (for 127.0.0.1 at 2010-06-25 17:41:18) [POST]
  Parameters: {"action"=>"products", "authenticity_token"=>"3o7LGOzKOcYjVudLfisCKWATYz8dwE5Vv0qhSN7KnkU=", "controller"=>"application", "image"=>"images-1.jpg", "email"=>"scotter"}
Rendering template within layouts/application
Rendering application/products
ERROR: compiling _run_erb_app47views47application47products46html46erb RAISED compile error
/Users/scottp/github/retouch/app/views/application/products.html.erb:9: syntax error, unexpected kENSURE, expecting $end
Function body:           def _run_erb_app47views47application47products46html46erb(local_assigns)
            old_output_buffer = output_buffer;;@output_buffer = '';  __in_erb_template=true ; @output_buffer.concat "<h1>Choose your plan</h2>\n"
@output_buffer.concat "\n"
 form_for "/purchase" ; @output_buffer.concat "\n"
@output_buffer.concat "  <p>"; @output_buffer.concat(( radio_button_tag :product, :basic ).to_s); @output_buffer.concat " <b>$9.95</b> See results from 2 designers</p>\n"
@output_buffer.concat "  <p>"; @output_buffer.concat(( radio_button_tag :product, :pro ).to_s); @output_buffer.concat " <b>$14.95</b> See results from 3 designers</p>\n"
@output_buffer.concat "  <br />\n"
@output_buffer.concat "  "; @output_buffer.concat(( submit_tag "Purchase" ).to_s); @output_buffer.concat "\n"
 end ; @output_buffer
          ensure
            self.output_buffer = old_output_buffer
          end
Backtrace: /Users/scottp/github/retouch/app/views/application/products.html.erb:9:in `compile!'
/Library/Ruby/Gems/1.8/gems/actionpack-2.3.5/lib/action_view/renderable.rb:61:in `compile'
/Library/Ruby/Gems/1.8/gems/actionpack-2.3.5/lib/action_view/renderable.rb:28:in `render'
/Library/Ruby/Gems/1.8/gems/actionpack-2.3.5/lib/action_view/template.rb:205:in `render_template'
/Library/Ruby/Gems/1.8/gems/actionpack-2.3.5/lib/action_view/base.rb:265:in `render'
/Library/Ruby/Gems/1.8/gems/actionpack-2.3.5/lib/action_view/base.rb:348:in `_render_with_layout'
/Library/Ruby/Gems/1.8/gems/actionpack-2.3.5/lib/action_view/base.rb:262:in `render'
/Library/Ruby/Gems/1.8/gems/actionpack-2.3.5/lib/action_controller/base.rb:1250:in `render_for_file'
/Library/Ruby/Gems/1.8/gems/actionpack-2.3.5/lib/action_controller/base.rb:945:in `render_without_benchmark'
/Library/Ruby/Gems/1.8/gems/actionpack-2.3.5/lib/action_controller/benchmarking.rb:51:in `render'
/Library/Ruby/Gems/1.8/gems/activesupport-2.3.5/lib/active_support/core_ext/benchmark.rb:17:in `ms'
/Library/Ruby/Gems/1.8/gems/activesupport-2.3.5/lib/active_support/core_ext/benchmark.rb:10:in `realtime'
/Library/Ruby/Gems/1.8/gems/activesupport-2.3.5/lib/active_support/core_ext/benchmark.rb:17:in `ms'
/Library/Ruby/Gems/1.8/gems/actionpack-2.3.5/lib/action_controller/benchmarking.rb:51:in `render'
/Library/Ruby/Gems/1.8/gems/actionpack-2.3.5/lib/action_controller/base.rb:1326:in `default_render'
/Library/Ruby/Gems/1.8/gems/actionpack-2.3.5/lib/action_controller/base.rb:1332:in `perform_action_without_filters'
/Library/Ruby/Gems/1.8/gems/actionpack-2.3.5/lib/action_controller/filters.rb:617:in `call_filters'
/Library/Ruby/Gems/1.8/gems/actionpack-2.3.5/lib/action_controller/filters.rb:610:in `perform_action_without_benchmark'
/Library/Ruby/Gems/1.8/gems/actionpack-2.3.5/lib/action_controller/benchmarking.rb:68:in `perform_action_without_rescue'
/Library/Ruby/Gems/1.8/gems/activesupport-2.3.5/lib/active_support/core_ext/benchmark.rb:17:in `ms'
/Library/Ruby/Gems/1.8/gems/activesupport-2.3.5/lib/active_support/core_ext/benchmark.rb:10:in `realtime'
/Library/Ruby/Gems/1.8/gems/activesupport-2.3.5/lib/active_support/core_ext/benchmark.rb:17:in `ms'
/Library/Ruby/Gems/1.8/gems/actionpack-2.3.5/lib/action_controller/benchmarking.rb:68:in `perform_action_without_rescue'
/Library/Ruby/Gems/1.8/gems/actionpack-2.3.5/lib/action_controller/rescue.rb:160:in `perform_action_without_flash'
/Library/Ruby/Gems/1.8/gems/actionpack-2.3.5/lib/action_controller/flash.rb:146:in `perform_action'
/Library/Ruby/Gems/1.8/gems/actionpack-2.3.5/lib/action_controller/base.rb:532:in `send'
/Library/Ruby/Gems/1.8/gems/actionpack-2.3.5/lib/action_controller/base.rb:532:in `process_without_filters'
/Library/Ruby/Gems/1.8/gems/actionpack-2.3.5/lib/action_controller/filters.rb:606:in `process'
/Library/Ruby/Gems/1.8/gems/actionpack-2.3.5/lib/action_controller/base.rb:391:in `process'
/Library/Ruby/Gems/1.8/gems/actionpack-2.3.5/lib/action_controller/base.rb:386:in `call'
/Library/Ruby/Gems/1.8/gems/actionpack-2.3.5/lib/action_controller/routing/route_set.rb:437:in `call'
/Library/Ruby/Gems/1.8/gems/actionpack-2.3.5/lib/action_controller/dispatcher.rb:87:in `dispatch'
/Library/Ruby/Gems/1.8/gems/actionpack-2.3.5/lib/action_controller/dispatcher.rb:121:in `_call'
/Library/Ruby/Gems/1.8/gems/actionpack-2.3.5/lib/action_controller/dispatcher.rb:130:in `build_middleware_stack'
/Library/Ruby/Gems/1.8/gems/activerecord-2.3.5/lib/active_record/query_cache.rb:29:in `call'
/Library/Ruby/Gems/1.8/gems/activerecord-2.3.5/lib/active_record/query_cache.rb:29:in `call'
/Library/Ruby/Gems/1.8/gems/activerecord-2.3.5/lib/active_record/connection_adapters/abstract/query_cache.rb:34:in `cache'
/Library/Ruby/Gems/1.8/gems/activerecord-2.3.5/lib/active_record/query_cache.rb:9:in `cache'
/Library/Ruby/Gems/1.8/gems/activerecord-2.3.5/lib/active_record/query_cache.rb:28:in `call'
/Library/Ruby/Gems/1.8/gems/activerecord-2.3.5/lib/active_record/connection_adapters/abstract/connection_pool.rb:361:in `call'
/Library/Ruby/Gems/1.8/gems/actionpack-2.3.5/lib/action_controller/string_coercion.rb:25:in `call'
/Library/Ruby/Gems/1.8/gems/rack-1.0.1/lib/rack/head.rb:9:in `call'
/Library/Ruby/Gems/1.8/gems/rack-1.0.1/lib/rack/methodoverride.rb:24:in `call'
/Library/Ruby/Gems/1.8/gems/actionpack-2.3.5/lib/action_controller/params_parser.rb:15:in `call'
/Library/Ruby/Gems/1.8/gems/actionpack-2.3.5/lib/action_controller/session/cookie_store.rb:93:in `call'
/Library/Ruby/Gems/1.8/gems/actionpack-2.3.5/lib/action_controller/failsafe.rb:26:in `call'
/Library/Ruby/Gems/1.8/gems/rack-1.0.1/lib/rack/lock.rb:11:in `call'
/Library/Ruby/Gems/1.8/gems/rack-1.0.1/lib/rack/lock.rb:11:in `synchronize'
/Library/Ruby/Gems/1.8/gems/rack-1.0.1/lib/rack/lock.rb:11:in `call'
/Library/Ruby/Gems/1.8/gems/actionpack-2.3.5/lib/action_controller/dispatcher.rb:114:in `call'
/Library/Ruby/Gems/1.8/gems/actionpack-2.3.5/lib/action_controller/reloader.rb:34:in `run'
/Library/Ruby/Gems/1.8/gems/actionpack-2.3.5/lib/action_controller/dispatcher.rb:108:in `call'
/Library/Ruby/Gems/1.8/gems/actionpack-2.3.5/lib/action_controller/cgi_process.rb:44:in `dispatch_cgi'
/Library/Ruby/Gems/1.8/gems/actionpack-2.3.5/lib/action_controller/dispatcher.rb:101:in `dispatch_cgi'
/Library/Ruby/Gems/1.8/gems/actionpack-2.3.5/lib/action_controller/dispatcher.rb:27:in `dispatch'
/Library/Ruby/Gems/1.8/gems/mongrel-1.1.5/bin/../lib/mongrel/rails.rb:76:in `process'
/Library/Ruby/Gems/1.8/gems/mongrel-1.1.5/bin/../lib/mongrel/rails.rb:74:in `synchronize'
/Library/Ruby/Gems/1.8/gems/mongrel-1.1.5/bin/../lib/mongrel/rails.rb:74:in `process'
/Library/Ruby/Gems/1.8/gems/mongrel-1.1.5/bin/../lib/mongrel.rb:159:in `process_client'
/Library/Ruby/Gems/1.8/gems/mongrel-1.1.5/bin/../lib/mongrel.rb:158:in `each'
/Library/Ruby/Gems/1.8/gems/mongrel-1.1.5/bin/../lib/mongrel.rb:158:in `process_client'
/Library/Ruby/Gems/1.8/gems/mongrel-1.1.5/bin/../lib/mongrel.rb:285:in `run'
/Library/Ruby/Gems/1.8/gems/mongrel-1.1.5/bin/../lib/mongrel.rb:285:in `initialize'
/Library/Ruby/Gems/1.8/gems/mongrel-1.1.5/bin/../lib/mongrel.rb:285:in `new'
/Library/Ruby/Gems/1.8/gems/mongrel-1.1.5/bin/../lib/mongrel.rb:285:in `run'
/Library/Ruby/Gems/1.8/gems/mongrel-1.1.5/bin/../lib/mongrel.rb:268:in `initialize'
/Library/Ruby/Gems/1.8/gems/mongrel-1.1.5/bin/../lib/mongrel.rb:268:in `new'
/Library/Ruby/Gems/1.8/gems/mongrel-1.1.5/bin/../lib/mongrel.rb:268:in `run'
/Library/Ruby/Gems/1.8/gems/mongrel-1.1.5/bin/../lib/mongrel/configurator.rb:282:in `run'
/Library/Ruby/Gems/1.8/gems/mongrel-1.1.5/bin/../lib/mongrel/configurator.rb:281:in `each'
/Library/Ruby/Gems/1.8/gems/mongrel-1.1.5/bin/../lib/mongrel/configurator.rb:281:in `run'
/Library/Ruby/Gems/1.8/gems/mongrel-1.1.5/bin/mongrel_rails:128:in `run'
/Library/Ruby/Gems/1.8/gems/mongrel-1.1.5/bin/../lib/mongrel/command.rb:212:in `run'
/Library/Ruby/Gems/1.8/gems/mongrel-1.1.5/bin/mongrel_rails:281
/usr/bin/mongrel_rails:19:in `load'
/usr/bin/mongrel_rails:19

ActionView::TemplateError (compile error
/Users/scottp/github/retouch/app/views/application/products.html.erb:9: syntax error, unexpected kENSURE, expecting $end) on line #9 of app/views/application/products.html.erb:
6:   <br />
7:   <%= submit_tag "Purchase" %>
8: <% end %>

    app/views/application/products.html.erb:9:in `compile!'

Rendered rescues/_trace (110.1ms)
Rendered rescues/_request_and_response (1.5ms)
Rendering rescues/layout (internal_server_error)


Processing ApplicationController#products (for 127.0.0.1 at 2010-06-25 17:41:35) [POST]
  Parameters: {"action"=>"products", "authenticity_token"=>"3o7LGOzKOcYjVudLfisCKWATYz8dwE5Vv0qhSN7KnkU=", "controller"=>"application", "image"=>"images-1.jpg", "email"=>"scotter"}
Rendering template within layouts/application
Rendering application/products
Completed in 10ms (View: 8, DB: 0) | 200 OK [http://localhost/products]


Processing ApplicationController#products (for 127.0.0.1 at 2010-06-25 17:41:43) [POST]
  Parameters: {"action"=>"products", "authenticity_token"=>"3o7LGOzKOcYjVudLfisCKWATYz8dwE5Vv0qhSN7KnkU=", "controller"=>"application", "image"=>"images-1.jpg", "email"=>"scotter"}
Rendering template within layouts/application
Rendering application/products
Completed in 9ms (View: 7, DB: 0) | 200 OK [http://localhost/products]


Processing ApplicationController#products (for 127.0.0.1 at 2010-06-25 17:41:57) [POST]
  Parameters: {"action"=>"products", "authenticity_token"=>"3o7LGOzKOcYjVudLfisCKWATYz8dwE5Vv0qhSN7KnkU=", "controller"=>"application", "image"=>"images-1.jpg", "email"=>"scotter"}
Rendering template within layouts/application
Rendering application/products
Completed in 9ms (View: 7, DB: 0) | 200 OK [http://localhost/products]


Processing ApplicationController#products (for 127.0.0.1 at 2010-06-25 17:44:09) [POST]
  Parameters: {"action"=>"products", "authenticity_token"=>"3o7LGOzKOcYjVudLfisCKWATYz8dwE5Vv0qhSN7KnkU=", "controller"=>"application", "image"=>"images-1.jpg", "email"=>"scotter"}
Rendering template within layouts/application
Rendering application/products
Completed in 12ms (View: 8, DB: 0) | 200 OK [http://localhost/products]


Processing ApplicationController#products (for 127.0.0.1 at 2010-06-25 17:45:03) [POST]
  Parameters: {"commit"=>"Purchase", "action"=>"products", "authenticity_token"=>"3o7LGOzKOcYjVudLfisCKWATYz8dwE5Vv0qhSN7KnkU=", "product"=>"basic", "controller"=>"application"}
Rendering template within layouts/application
Rendering application/products
Completed in 7ms (View: 5, DB: 0) | 200 OK [http://localhost/products]


Processing ApplicationController#home (for 127.0.0.1 at 2010-06-25 22:31:09) [GET]
  Parameters: {"action"=>"home", "controller"=>"application"}
Rendering template within layouts/application
Rendering application/home
Completed in 12ms (View: 11, DB: 0) | 200 OK [http://localhost/]


Processing ApplicationController#products (for 127.0.0.1 at 2010-06-25 22:31:18) [POST]
  Parameters: {"action"=>"products", "authenticity_token"=>"3o7LGOzKOcYjVudLfisCKWATYz8dwE5Vv0qhSN7KnkU=", "controller"=>"application", "image"=>"headshot copy.jpg", "email"=>"sveve"}
Rendering template within layouts/application
Rendering application/products
Completed in 33137ms (View: 5, DB: 0) | 200 OK [http://localhost/products]


Processing ApplicationController#home (for 127.0.0.1 at 2010-06-25 22:33:05) [GET]
  Parameters: {"action"=>"home", "controller"=>"application"}
Rendering template within layouts/application
Rendering application/home
Completed in 10ms (View: 8, DB: 0) | 200 OK [http://localhost/]


Processing ApplicationController#products (for 127.0.0.1 at 2010-06-25 22:33:15) [POST]
  Parameters: {"action"=>"products", "authenticity_token"=>"3o7LGOzKOcYjVudLfisCKWATYz8dwE5Vv0qhSN7KnkU=", "controller"=>"application", "image"=>#<File:/var/folders/S-/S-cCbU-zHh8KAbQdZxJH7U+++TI/-Tmp-/RackMultipart.2894.0>, "email"=>"egege"}
Rendering template within layouts/application
Rendering application/products
Completed in 28172ms (View: 4, DB: 0) | 200 OK [http://localhost/products]
  [4;36;1mSQL (0.4ms)[0m   [0;1m SELECT name
 FROM sqlite_master
 WHERE type = 'table' AND NOT name = 'sqlite_sequence'
[0m
  [4;35;1mSQL (0.1ms)[0m   [0mSELECT version FROM schema_migrations[0m
Migrating to CreateUsers (20100602162347)
Migrating to CreateCustomers (20100624011810)
  [4;36;1mSQL (0.3ms)[0m   [0;1mselect sqlite_version(*)[0m
  [4;35;1mSQL (0.5ms)[0m   [0mCREATE TABLE "customers" ("id" INTEGER PRIMARY KEY AUTOINCREMENT NOT NULL, "email" varchar(255) NOT NULL, "created_at" datetime, "updated_at" datetime) [0m
  [4;36;1mSQL (0.2ms)[0m   [0;1mINSERT INTO schema_migrations (version) VALUES ('20100624011810')[0m
Migrating to CreatePhotos (20100624012011)
  [4;35;1mSQL (0.4ms)[0m   [0mCREATE TABLE "photos" ("id" INTEGER PRIMARY KEY AUTOINCREMENT NOT NULL, "created_at" datetime, "updated_at" datetime) [0m
  [4;36;1mSQL (0.1ms)[0m   [0;1mINSERT INTO schema_migrations (version) VALUES ('20100624012011')[0m
  [4;35;1mSQL (0.3ms)[0m   [0m SELECT name
 FROM sqlite_master
 WHERE type = 'table' AND NOT name = 'sqlite_sequence'
[0m
  [4;36;1mSQL (0.2ms)[0m   [0;1mSELECT version FROM schema_migrations[0m
  [4;35;1mSQL (0.2ms)[0m   [0m SELECT name
 FROM sqlite_master
 WHERE type = 'table' AND NOT name = 'sqlite_sequence'
[0m
  [4;36;1mSQL (0.0ms)[0m   [0;1mPRAGMA index_list("customers")[0m
  [4;35;1mSQL (0.0ms)[0m   [0mPRAGMA index_list("photos")[0m
  [4;36;1mSQL (0.0ms)[0m   [0;1mPRAGMA index_list("users")[0m
  [4;36;1mSQL (0.5ms)[0m   [0;1m SELECT name
 FROM sqlite_master
 WHERE type = 'table' AND NOT name = 'sqlite_sequence'
[0m
  [4;35;1mSQL (0.2ms)[0m   [0mSELECT version FROM schema_migrations[0m
  [4;36;1mSQL (0.6ms)[0m   [0;1m SELECT name
 FROM sqlite_master
 WHERE type = 'table' AND NOT name = 'sqlite_sequence'
[0m
  [4;35;1mSQL (0.2ms)[0m   [0mSELECT version FROM schema_migrations[0m
Migrating to CreatePhotos (20100624012011)
  [4;36;1mSQL (0.4ms)[0m   [0;1mselect sqlite_version(*)[0m
  [4;35;1mSQL (0.5ms)[0m   [0mDROP TABLE "photos"[0m
  [4;36;1mSQL (0.2ms)[0m   [0;1mDELETE FROM schema_migrations WHERE version = '20100624012011'[0m
  [4;35;1mSQL (0.3ms)[0m   [0m SELECT name
 FROM sqlite_master
 WHERE type = 'table' AND NOT name = 'sqlite_sequence'
[0m
  [4;36;1mSQL (0.2ms)[0m   [0;1mSELECT version FROM schema_migrations[0m
  [4;35;1mSQL (0.2ms)[0m   [0m SELECT name
 FROM sqlite_master
 WHERE type = 'table' AND NOT name = 'sqlite_sequence'
[0m
  [4;36;1mSQL (0.1ms)[0m   [0;1mPRAGMA index_list("customers")[0m
  [4;35;1mSQL (0.0ms)[0m   [0mPRAGMA index_list("users")[0m
  [4;36;1mSQL (0.2ms)[0m   [0;1m SELECT name
 FROM sqlite_master
 WHERE type = 'table' AND NOT name = 'sqlite_sequence'
[0m
  [4;35;1mSQL (0.1ms)[0m   [0mSELECT version FROM schema_migrations[0m
Migrating to CreateUsers (20100602162347)
Migrating to CreateCustomers (20100624011810)
Migrating to CreatePhotos (20100624012011)
  [4;36;1mSQL (0.5ms)[0m   [0;1mCREATE TABLE "photos" ("id" INTEGER PRIMARY KEY AUTOINCREMENT NOT NULL, "customer_id" integer NOT NULL, "file_name" varchar(255), "created_at" datetime, "updated_at" datetime) [0m
  [4;35;1mSQL (0.1ms)[0m   [0mINSERT INTO schema_migrations (version) VALUES ('20100624012011')[0m
  [4;36;1mSQL (0.3ms)[0m   [0;1m SELECT name
 FROM sqlite_master
 WHERE type = 'table' AND NOT name = 'sqlite_sequence'
[0m
  [4;35;1mSQL (0.2ms)[0m   [0mSELECT version FROM schema_migrations[0m
  [4;36;1mSQL (0.3ms)[0m   [0;1m SELECT name
 FROM sqlite_master
 WHERE type = 'table' AND NOT name = 'sqlite_sequence'
[0m
  [4;35;1mSQL (0.0ms)[0m   [0mPRAGMA index_list("customers")[0m
  [4;36;1mSQL (0.1ms)[0m   [0;1mPRAGMA index_list("photos")[0m
  [4;35;1mSQL (0.0ms)[0m   [0mPRAGMA index_list("users")[0m


Processing ApplicationController#products (for 127.0.0.1 at 2010-06-25 23:09:59) [POST]
  Parameters: {"action"=>"products", "authenticity_token"=>"3o7LGOzKOcYjVudLfisCKWATYz8dwE5Vv0qhSN7KnkU=", "controller"=>"application", "image"=>#<File:/var/folders/S-/S-cCbU-zHh8KAbQdZxJH7U+++TI/-Tmp-/RackMultipart.2894.1>, "email"=>"scott@vodpod.com"}
  [4;36;1mCustomer Load (0.2ms)[0m   [0;1mSELECT * FROM "customers" WHERE ("customers"."email" = 'scott@vodpod.com') LIMIT 1[0m


Processing ApplicationController#products (for 127.0.0.1 at 2010-06-25 23:10:37) [GET]
  Parameters: {"action"=>"products", "controller"=>"application"}
Redirected to http://localhost:3000/
Completed in 2ms (DB: 0) | 302 Found [http://localhost/products]


Processing ApplicationController#home (for 127.0.0.1 at 2010-06-25 23:10:37) [GET]
  Parameters: {"action"=>"home", "controller"=>"application"}
Rendering template within layouts/application
Rendering application/home
Completed in 30ms (View: 28, DB: 0) | 200 OK [http://localhost/]


Processing ApplicationController#products (for 127.0.0.1 at 2010-06-25 23:10:48) [POST]
  Parameters: {"action"=>"products", "authenticity_token"=>"3o7LGOzKOcYjVudLfisCKWATYz8dwE5Vv0qhSN7KnkU=", "controller"=>"application", "image"=>#<File:/var/folders/S-/S-cCbU-zHh8KAbQdZxJH7U+++TI/-Tmp-/RackMultipart.3416.0>, "email"=>"scott@vodpod.com"}
  [4;36;1mCustomer Load (0.1ms)[0m   [0;1mSELECT * FROM "customers" WHERE ("customers"."email" = 'scott@vodpod.com') LIMIT 1[0m
  [4;35;1mCustomer Create (0.4ms)[0m   [0mINSERT INTO "customers" ("updated_at", "email", "created_at") VALUES('2010-06-26 06:10:52', 'scott@vodpod.com', '2010-06-26 06:10:52')[0m

NameError (uninitialized constant ApplicationController::Photo):
  app/controllers/application_controller.rb:29:in `products'

Rendered rescues/_trace (41.6ms)
Rendered rescues/_request_and_response (2.0ms)
Rendering rescues/layout (internal_server_error)


Processing ApplicationController#products (for 127.0.0.1 at 2010-06-25 23:11:41) [POST]
  Parameters: {"action"=>"products", "authenticity_token"=>"3o7LGOzKOcYjVudLfisCKWATYz8dwE5Vv0qhSN7KnkU=", "controller"=>"application", "image"=>#<File:/var/folders/S-/S-cCbU-zHh8KAbQdZxJH7U+++TI/-Tmp-/RackMultipart.3416.1>, "email"=>"scott@vodpod.com"}
  [4;36;1mCustomer Load (0.3ms)[0m   [0;1mSELECT * FROM "customers" WHERE ("customers"."email" = 'scott@vodpod.com') LIMIT 1[0m
  [4;35;1mPhoto Create (0.5ms)[0m   [0mINSERT INTO "photos" ("updated_at", "file_name", "customer_id", "created_at") VALUES('2010-06-26 06:11:47', 'images-1.jpg', 1, '2010-06-26 06:11:47')[0m

TypeError (String can't be coerced into Fixnum):
  app/models/photo.rb:5:in `+'
  app/models/photo.rb:5:in `s3_key'
  app/controllers/application_controller.rb:30:in `products'

Rendered rescues/_trace (45.6ms)
Rendered rescues/_request_and_response (0.4ms)
Rendering rescues/layout (internal_server_error)


Processing ApplicationController#products (for 127.0.0.1 at 2010-06-25 23:12:31) [POST]
  Parameters: {"action"=>"products", "authenticity_token"=>"3o7LGOzKOcYjVudLfisCKWATYz8dwE5Vv0qhSN7KnkU=", "controller"=>"application", "image"=>#<File:/var/folders/S-/S-cCbU-zHh8KAbQdZxJH7U+++TI/-Tmp-/RackMultipart.3416.2>, "email"=>"scott@vodpod.com"}
  [4;36;1mCustomer Load (0.3ms)[0m   [0;1mSELECT * FROM "customers" WHERE ("customers"."email" = 'scott@vodpod.com') LIMIT 1[0m
  [4;35;1mPhoto Create (0.4ms)[0m   [0mINSERT INTO "photos" ("updated_at", "file_name", "customer_id", "created_at") VALUES('2010-06-26 06:12:38', 'images-1.jpg', 1, '2010-06-26 06:12:38')[0m


Processing ApplicationController#products (for 127.0.0.1 at 2010-06-25 23:13:55) [POST]
  Parameters: {"action"=>"products", "authenticity_token"=>"3o7LGOzKOcYjVudLfisCKWATYz8dwE5Vv0qhSN7KnkU=", "controller"=>"application", "image"=>#<File:/var/folders/S-/S-cCbU-zHh8KAbQdZxJH7U+++TI/-Tmp-/RackMultipart.3427.0>, "email"=>"scott@vodpod.com"}
  [4;36;1mCustomer Load (0.3ms)[0m   [0;1mSELECT * FROM "customers" WHERE ("customers"."email" = 'scott@vodpod.com') LIMIT 1[0m
  [4;35;1mPhoto Create (0.5ms)[0m   [0mINSERT INTO "photos" ("updated_at", "file_name", "customer_id", "created_at") VALUES('2010-06-26 06:13:57', 'images-1.jpg', 1, '2010-06-26 06:13:57')[0m
Rendering template within layouts/application
Rendering application/products
Completed in 19334ms (View: 22, DB: 1) | 200 OK [http://localhost/products]


Processing ApplicationController#products (for 127.0.0.1 at 2010-06-25 23:26:17) [POST]
  Parameters: {"action"=>"products", "authenticity_token"=>"3o7LGOzKOcYjVudLfisCKWATYz8dwE5Vv0qhSN7KnkU=", "controller"=>"application", "image"=>#<File:/var/folders/S-/S-cCbU-zHh8KAbQdZxJH7U+++TI/-Tmp-/RackMultipart.3427.1>, "email"=>"scott@vodpod.com"}
  [4;36;1mCustomer Load (0.3ms)[0m   [0;1mSELECT * FROM "customers" WHERE ("customers"."email" = 'scott@vodpod.com') LIMIT 1[0m
  [4;35;1mPhoto Create (0.5ms)[0m   [0mINSERT INTO "photos" ("updated_at", "file_name", "customer_id", "created_at") VALUES('2010-06-26 06:26:22', 'images.jpg', 1, '2010-06-26 06:26:22')[0m


Processing ApplicationController#products (for 127.0.0.1 at 2010-06-25 23:27:34) [GET]
  Parameters: {"action"=>"products", "controller"=>"application"}
Redirected to http://localhost:3000/
Completed in 2ms (DB: 0) | 302 Found [http://localhost/products]


Processing ApplicationController#home (for 127.0.0.1 at 2010-06-25 23:27:34) [GET]
  Parameters: {"action"=>"home", "controller"=>"application"}
Rendering template within layouts/application
Rendering application/home
Completed in 28ms (View: 27, DB: 0) | 200 OK [http://localhost/]


Processing ApplicationController#products (for 127.0.0.1 at 2010-06-25 23:27:46) [POST]
  Parameters: {"action"=>"products", "authenticity_token"=>"3o7LGOzKOcYjVudLfisCKWATYz8dwE5Vv0qhSN7KnkU=", "controller"=>"application", "image"=>#<File:/var/folders/S-/S-cCbU-zHh8KAbQdZxJH7U+++TI/-Tmp-/RackMultipart.3456.0>, "email"=>"scott@vodpod.com"}
  [4;36;1mCustomer Load (0.3ms)[0m   [0;1mSELECT * FROM "customers" WHERE ("customers"."email" = 'scott@vodpod.com') LIMIT 1[0m
  [4;35;1mPhoto Create (0.4ms)[0m   [0mINSERT INTO "photos" ("updated_at", "file_name", "customer_id", "created_at") VALUES('2010-06-26 06:27:49', 'images.jpg', 1, '2010-06-26 06:27:49')[0m
Rendering template within layouts/application
Rendering application/products
Completed in 20103ms (View: 12, DB: 1) | 200 OK [http://localhost/products]


Processing ApplicationController#products (for 127.0.0.1 at 2010-06-25 23:29:52) [POST]
  Parameters: {"action"=>"products", "authenticity_token"=>"3o7LGOzKOcYjVudLfisCKWATYz8dwE5Vv0qhSN7KnkU=", "controller"=>"application", "image"=>#<File:/var/folders/S-/S-cCbU-zHh8KAbQdZxJH7U+++TI/-Tmp-/RackMultipart.3456.1>, "email"=>"scott@vodpod.com"}
  [4;36;1mCustomer Load (0.3ms)[0m   [0;1mSELECT * FROM "customers" WHERE ("customers"."email" = 'scott@vodpod.com') LIMIT 1[0m
  [4;35;1mPhoto Create (0.4ms)[0m   [0mINSERT INTO "photos" ("updated_at", "file_name", "customer_id", "created_at") VALUES('2010-06-26 06:29:52', 'images-1.jpg', 1, '2010-06-26 06:29:52')[0m

NameError (undefined local variable or method `photo' for #<ApplicationController:0x262ecb8>):
  app/controllers/application_controller.rb:30:in `products'

Rendered rescues/_trace (40.9ms)
Rendered rescues/_request_and_response (2.0ms)
Rendering rescues/layout (internal_server_error)


Processing ApplicationController#products (for 127.0.0.1 at 2010-06-25 23:30:21) [POST]
  Parameters: {"action"=>"products", "authenticity_token"=>"3o7LGOzKOcYjVudLfisCKWATYz8dwE5Vv0qhSN7KnkU=", "controller"=>"application", "image"=>#<File:/var/folders/S-/S-cCbU-zHh8KAbQdZxJH7U+++TI/-Tmp-/RackMultipart.3456.2>, "email"=>"scott@vodpod.com"}
  [4;36;1mCustomer Load (0.2ms)[0m   [0;1mSELECT * FROM "customers" WHERE ("customers"."email" = 'scott@vodpod.com') LIMIT 1[0m
  [4;35;1mPhoto Create (0.4ms)[0m   [0mINSERT INTO "photos" ("updated_at", "file_name", "customer_id", "created_at") VALUES('2010-06-26 06:30:21', 'images-1.jpg', 1, '2010-06-26 06:30:21')[0m
Rendering template within layouts/application
Rendering application/products

ActionView::TemplateError (Attempt to call private method) on line #2 of app/views/application/products.html.erb:
1: <div style="float:right">
2:   <%= image_tag(@photo.photo_url, :width => 100) %>
3: </div>
4: 
5: <div>

    app/models/photo.rb:11:in `photo_url'
    app/views/application/products.html.erb:2

Rendered rescues/_trace (48.9ms)
Rendered rescues/_request_and_response (0.4ms)
Rendering rescues/layout (internal_server_error)
  [4;36;1mPhoto Load (0.5ms)[0m   [0;1mSELECT * FROM "photos" ORDER BY photos.id DESC LIMIT 1[0m
  [4;35;1mPhoto Load (0.5ms)[0m   [0mSELECT * FROM "photos" ORDER BY photos.id DESC LIMIT 1[0m


Processing ApplicationController#products (for 127.0.0.1 at 2010-06-25 23:32:05) [POST]
  Parameters: {"action"=>"products", "authenticity_token"=>"3o7LGOzKOcYjVudLfisCKWATYz8dwE5Vv0qhSN7KnkU=", "controller"=>"application", "image"=>#<File:/var/folders/S-/S-cCbU-zHh8KAbQdZxJH7U+++TI/-Tmp-/RackMultipart.3474.0>, "email"=>"scott@vodpod.com"}
  [4;36;1mCustomer Load (0.2ms)[0m   [0;1mSELECT * FROM "customers" WHERE ("customers"."email" = 'scott@vodpod.com') LIMIT 1[0m
  [4;35;1mPhoto Create (0.5ms)[0m   [0mINSERT INTO "photos" ("updated_at", "file_name", "customer_id", "created_at") VALUES('2010-06-26 06:32:05', 'images-1.jpg', 1, '2010-06-26 06:32:05')[0m
Rendering template within layouts/application
Rendering application/products
Completed in 489ms (View: 15, DB: 1) | 200 OK [http://localhost/products]


Processing ApplicationController#products (for 127.0.0.1 at 2010-06-25 23:33:22) [POST]
  Parameters: {"action"=>"products", "authenticity_token"=>"3o7LGOzKOcYjVudLfisCKWATYz8dwE5Vv0qhSN7KnkU=", "controller"=>"application", "image"=>#<File:/var/folders/S-/S-cCbU-zHh8KAbQdZxJH7U+++TI/-Tmp-/RackMultipart.3474.1>, "email"=>"scott@vodpod.com"}
  [4;36;1mCustomer Load (0.2ms)[0m   [0;1mSELECT * FROM "customers" WHERE ("customers"."email" = 'scott@vodpod.com') LIMIT 1[0m
  [4;35;1mPhoto Create (0.4ms)[0m   [0mINSERT INTO "photos" ("updated_at", "file_name", "customer_id", "created_at") VALUES('2010-06-26 06:33:22', 'headshot copy.jpg', 1, '2010-06-26 06:33:22')[0m
Rendering template within layouts/application
Rendering application/products
Completed in 571ms (View: 4, DB: 1) | 200 OK [http://localhost/products]


Processing ApplicationController#home (for 127.0.0.1 at 2010-06-28 18:06:37) [GET]
  Parameters: {"action"=>"home", "controller"=>"application"}
Rendering template within layouts/application
Rendering application/home
Completed in 169ms (View: 168, DB: 0) | 200 OK [http://localhost/]


Processing ApplicationController#home (for 127.0.0.1 at 2010-06-28 18:07:08) [GET]
  Parameters: {"action"=>"home", "controller"=>"application"}
Rendering template within layouts/application
Rendering application/home
Completed in 14ms (View: 12, DB: 0) | 200 OK [http://localhost/]


Processing ApplicationController#products (for 127.0.0.1 at 2010-06-28 18:07:28) [POST]
  Parameters: {"action"=>"products", "authenticity_token"=>"3o7LGOzKOcYjVudLfisCKWATYz8dwE5Vv0qhSN7KnkU=", "controller"=>"application", "image"=>#<File:/var/folders/S-/S-cCbU-zHh8KAbQdZxJH7U+++TI/-Tmp-/RackMultipart.5226.0>, "email"=>"scott@vodpod.com"}
  [4;36;1mCustomer Load (0.3ms)[0m   [0;1mSELECT * FROM "customers" WHERE ("customers"."email" = 'scott@vodpod.com') LIMIT 1[0m
  [4;35;1mPhoto Create (0.4ms)[0m   [0mINSERT INTO "photos" ("updated_at", "file_name", "customer_id", "created_at") VALUES('2010-06-29 01:07:28', 'headshot copy.jpg', 1, '2010-06-29 01:07:28')[0m

SocketError (getaddrinfo: nodename nor servname provided, or not known):
  /System/Library/Frameworks/Ruby.framework/Versions/1.8/usr/lib/ruby/1.8/net/http.rb:560:in `initialize'
  /System/Library/Frameworks/Ruby.framework/Versions/1.8/usr/lib/ruby/1.8/net/http.rb:560:in `open'
  /System/Library/Frameworks/Ruby.framework/Versions/1.8/usr/lib/ruby/1.8/net/http.rb:560:in `connect'
  /System/Library/Frameworks/Ruby.framework/Versions/1.8/usr/lib/ruby/1.8/timeout.rb:53:in `timeout'
  /System/Library/Frameworks/Ruby.framework/Versions/1.8/usr/lib/ruby/1.8/timeout.rb:93:in `timeout'
  /System/Library/Frameworks/Ruby.framework/Versions/1.8/usr/lib/ruby/1.8/net/http.rb:560:in `connect'
  /System/Library/Frameworks/Ruby.framework/Versions/1.8/usr/lib/ruby/1.8/net/http.rb:553:in `do_start'
  /System/Library/Frameworks/Ruby.framework/Versions/1.8/usr/lib/ruby/1.8/net/http.rb:542:in `start'
  /Library/Ruby/Gems/1.8/gems/aws-s3-0.6.2/lib/aws/s3/connection.rb:52:in `request'
  /Library/Ruby/Gems/1.8/gems/aws-s3-0.6.2/lib/aws/s3/base.rb:69:in `request'
  /Library/Ruby/Gems/1.8/gems/aws-s3-0.6.2/lib/aws/s3/base.rb:88:in `put'
  /Library/Ruby/Gems/1.8/gems/aws-s3-0.6.2/lib/aws/s3/bucket.rb:79:in `create'
  app/models/photo.rb:46:in `s3_upload'
  app/models/photo.rb:16:in `store_file'
  app/controllers/application_controller.rb:30:in `products'

Rendered rescues/_trace (36.0ms)
Rendered rescues/_request_and_response (1.9ms)
Rendering rescues/layout (internal_server_error)


Processing ApplicationController#products (for 127.0.0.1 at 2010-06-28 18:07:36) [GET]
  Parameters: {"action"=>"products", "controller"=>"application"}
Redirected to http://localhost:3000/
Completed in 2ms (DB: 0) | 302 Found [http://localhost/products]


Processing ApplicationController#home (for 127.0.0.1 at 2010-06-28 18:07:36) [GET]
  Parameters: {"action"=>"home", "controller"=>"application"}
Rendering template within layouts/application
Rendering application/home
Completed in 5ms (View: 4, DB: 0) | 200 OK [http://localhost/]


Processing ApplicationController#products (for 127.0.0.1 at 2010-06-28 18:07:41) [GET]
  Parameters: {"action"=>"products", "controller"=>"application"}
Redirected to http://localhost:3000/
Completed in 2ms (DB: 0) | 302 Found [http://localhost/products]


Processing ApplicationController#home (for 127.0.0.1 at 2010-06-28 18:07:41) [GET]
  Parameters: {"action"=>"home", "controller"=>"application"}
Rendering template within layouts/application
Rendering application/home
Completed in 4ms (View: 3, DB: 0) | 200 OK [http://localhost/]


Processing ApplicationController#products (for 127.0.0.1 at 2010-06-28 18:08:28) [POST]
  Parameters: {"action"=>"products", "authenticity_token"=>"3o7LGOzKOcYjVudLfisCKWATYz8dwE5Vv0qhSN7KnkU=", "controller"=>"application", "image"=>#<File:/var/folders/S-/S-cCbU-zHh8KAbQdZxJH7U+++TI/-Tmp-/RackMultipart.5226.1>, "email"=>"scott@vodpod.com"}
Rendering template within layouts/application
Rendering application/products
Completed in 10ms (View: 7, DB: 0) | 200 OK [http://localhost/products]


Processing ApplicationController#products (for 127.0.0.1 at 2010-06-28 18:12:22) [POST]
  Parameters: {"action"=>"products", "authenticity_token"=>"3o7LGOzKOcYjVudLfisCKWATYz8dwE5Vv0qhSN7KnkU=", "controller"=>"application", "image"=>#<File:/var/folders/S-/S-cCbU-zHh8KAbQdZxJH7U+++TI/-Tmp-/RackMultipart.5226.2>, "email"=>"scott@vodpod.com"}
Rendering template within layouts/application
Rendering application/products
Completed in 10ms (View: 8, DB: 0) | 200 OK [http://localhost/products]


Processing ApplicationController#products (for 127.0.0.1 at 2010-06-28 18:15:13) [POST]
  Parameters: {"action"=>"products", "authenticity_token"=>"3o7LGOzKOcYjVudLfisCKWATYz8dwE5Vv0qhSN7KnkU=", "controller"=>"application", "image"=>#<File:/var/folders/S-/S-cCbU-zHh8KAbQdZxJH7U+++TI/-Tmp-/RackMultipart.5226.3>, "email"=>"scott@vodpod.com"}
Rendering template within layouts/application
Rendering application/products
Completed in 10ms (View: 8, DB: 0) | 200 OK [http://localhost/products]
  [4;36;1mSQL (0.6ms)[0m   [0;1m SELECT name
 FROM sqlite_master
 WHERE type = 'table' AND NOT name = 'sqlite_sequence'
[0m
  [4;35;1mSQL (0.2ms)[0m   [0mSELECT version FROM schema_migrations[0m
Migrating to CreateUsers (20100602162347)
Migrating to CreateCustomers (20100624011810)
Migrating to CreatePhotos (20100624012011)
Migrating to PhotoPurchases (20100629011833)
  [4;36;1mSQL (0.1ms)[0m   [0;1mselect sqlite_version(*)[0m
  [4;35;1mSQL (0.6ms)[0m   [0mALTER TABLE "photos" ADD "style" varchar(255)[0m
  [4;36;1mSQL (0.2ms)[0m   [0;1mALTER TABLE "photos" ADD "product" varchar(255)[0m
  [4;35;1mSQL (0.2ms)[0m   [0mALTER TABLE "photos" ADD "comments" varchar(255)[0m
  [4;36;1mSQL (0.1ms)[0m   [0;1mINSERT INTO schema_migrations (version) VALUES ('20100629011833')[0m
  [4;35;1mSQL (0.3ms)[0m   [0m SELECT name
 FROM sqlite_master
 WHERE type = 'table' AND NOT name = 'sqlite_sequence'
[0m
  [4;36;1mSQL (0.2ms)[0m   [0;1mSELECT version FROM schema_migrations[0m
  [4;35;1mSQL (1.9ms)[0m   [0m SELECT name
 FROM sqlite_master
 WHERE type = 'table' AND NOT name = 'sqlite_sequence'
[0m
  [4;36;1mSQL (0.0ms)[0m   [0;1mPRAGMA index_list("customers")[0m
  [4;35;1mSQL (0.0ms)[0m   [0mPRAGMA index_list("photos")[0m
  [4;36;1mSQL (0.0ms)[0m   [0;1mPRAGMA index_list("users")[0m


Processing ApplicationController#products (for 127.0.0.1 at 2010-06-28 18:21:00) [POST]
  Parameters: {"commit"=>"Purchase", "comments"=>"", "action"=>"products", "authenticity_token"=>"3o7LGOzKOcYjVudLfisCKWATYz8dwE5Vv0qhSN7KnkU=", "product"=>"basic", "controller"=>"application"}

NoMethodError (undefined method `original_filename' for nil:NilClass):
  app/controllers/application_controller.rb:25:in `products'

Rendered rescues/_trace (100.7ms)
Rendered rescues/_request_and_response (0.6ms)
Rendering rescues/layout (internal_server_error)


Processing ApplicationController#products (for 127.0.0.1 at 2010-06-28 20:27:02) [POST]
  Parameters: {"commit"=>"Purchase", "comments"=>"", "action"=>"products", "authenticity_token"=>"3o7LGOzKOcYjVudLfisCKWATYz8dwE5Vv0qhSN7KnkU=", "product"=>"basic", "controller"=>"application"}

NoMethodError (undefined method `original_filename' for nil:NilClass):
  app/controllers/application_controller.rb:25:in `products'

Rendered rescues/_trace (28.7ms)
Rendered rescues/_request_and_response (0.4ms)
Rendering rescues/layout (internal_server_error)


Processing ApplicationController#products (for 127.0.0.1 at 2010-06-28 20:27:26) [POST]
  Parameters: {"action"=>"products", "authenticity_token"=>"3o7LGOzKOcYjVudLfisCKWATYz8dwE5Vv0qhSN7KnkU=", "controller"=>"application", "image"=>#<File:/var/folders/S-/S-cCbU-zHh8KAbQdZxJH7U+++TI/-Tmp-/RackMultipart.5226.0>, "email"=>"scott@vodpod.com"}
  [4;36;1mCustomer Load (0.2ms)[0m   [0;1mSELECT * FROM "customers" WHERE ("customers"."email" = 'scott@vodpod.com') LIMIT 1[0m
  [4;35;1mPhoto Create (1.2ms)[0m   [0mINSERT INTO "photos" ("updated_at", "comments", "file_name", "product", "customer_id", "created_at", "style") VALUES('2010-06-29 03:27:26', NULL, 'headshot copy.jpg', NULL, 1, '2010-06-29 03:27:26', NULL)[0m
Rendering template within layouts/application
Rendering application/products
Completed in 652ms (View: 10, DB: 1) | 200 OK [http://localhost/products]


Processing ApplicationController#products (for 127.0.0.1 at 2010-06-28 20:27:51) [POST]
  Parameters: {"action"=>"products", "authenticity_token"=>"3o7LGOzKOcYjVudLfisCKWATYz8dwE5Vv0qhSN7KnkU=", "controller"=>"application", "image"=>#<File:/var/folders/S-/S-cCbU-zHh8KAbQdZxJH7U+++TI/-Tmp-/RackMultipart.5226.1>, "email"=>"scott@vodpod.com"}
  [4;36;1mCustomer Load (0.2ms)[0m   [0;1mSELECT * FROM "customers" WHERE ("customers"."email" = 'scott@vodpod.com') LIMIT 1[0m
  [4;35;1mPhoto Create (0.4ms)[0m   [0mINSERT INTO "photos" ("updated_at", "comments", "file_name", "product", "customer_id", "created_at", "style") VALUES('2010-06-29 03:27:51', NULL, 'headshot copy.jpg', NULL, 1, '2010-06-29 03:27:51', NULL)[0m
Rendering template within layouts/application
Rendering application/products
Completed in 530ms (View: 11, DB: 1) | 200 OK [http://localhost/products]


Processing ApplicationController#purchase (for 127.0.0.1 at 2010-06-28 20:27:54) [POST]
  Parameters: {"commit"=>"Purchase", "comments"=>"", "action"=>"purchase", "authenticity_token"=>"3o7LGOzKOcYjVudLfisCKWATYz8dwE5Vv0qhSN7KnkU=", "product"=>"basic", "controller"=>"application", "photo_id"=>"12", "email"=>"scott@vodpod.com", "style"=>"star"}
  [4;36;1mCustomer Load (0.2ms)[0m   [0;1mSELECT * FROM "customers" WHERE ("customers"."email" = 'scott@vodpod.com') LIMIT 1[0m
  [4;35;1mPhoto Load (0.2ms)[0m   [0mSELECT * FROM "photos" WHERE ("photos"."id" = '12') AND ("photos".customer_id = 1) LIMIT 1[0m
  [4;36;1mPhoto Update (260.7ms)[0m   [0;1mUPDATE "photos" SET "comments" = '', "style" = 'star', "updated_at" = '2010-06-29 03:27:54', "product" = 'basic' WHERE "id" = 12[0m
Rendering template within layouts/application
Rendering application/purchase
Completed in 281ms (View: 6, DB: 261) | 200 OK [http://localhost/purchase]


Processing ApplicationController#home (for 127.0.0.1 at 2010-06-28 20:30:21) [GET]
  Parameters: {"action"=>"home", "controller"=>"application"}
Rendering template within layouts/application
Rendering application/home
Completed in 4ms (View: 3, DB: 0) | 200 OK [http://localhost/fbwm]


Processing ApplicationController#products (for 127.0.0.1 at 2010-06-28 20:30:59) [POST]
  Parameters: {"action"=>"products", "authenticity_token"=>"3o7LGOzKOcYjVudLfisCKWATYz8dwE5Vv0qhSN7KnkU=", "controller"=>"application", "image"=>#<File:/var/folders/S-/S-cCbU-zHh8KAbQdZxJH7U+++TI/-Tmp-/RackMultipart.5226.0>, "email"=>"scott@vodpod.com"}
  [4;35;1mCustomer Load (0.2ms)[0m   [0mSELECT * FROM "customers" WHERE ("customers"."email" = 'scott@vodpod.com') LIMIT 1[0m
  [4;36;1mPhoto Create (0.4ms)[0m   [0;1mINSERT INTO "photos" ("updated_at", "comments", "file_name", "product", "customer_id", "created_at", "style") VALUES('2010-06-29 03:30:59', NULL, 'images-2.jpg', NULL, 1, '2010-06-29 03:30:59', NULL)[0m
Rendering template within layouts/application
Rendering application/products
Completed in 505ms (View: 6, DB: 1) | 200 OK [http://localhost/products]


Processing ApplicationController#purchase (for 127.0.0.1 at 2010-06-28 20:31:16) [POST]
  Parameters: {"commit"=>"Purchase", "comments"=>"", "action"=>"purchase", "authenticity_token"=>"3o7LGOzKOcYjVudLfisCKWATYz8dwE5Vv0qhSN7KnkU=", "product"=>"pro", "controller"=>"application", "photo_id"=>"13", "email"=>"scott@vodpod.com", "style"=>"star"}
  [4;35;1mCustomer Load (0.2ms)[0m   [0mSELECT * FROM "customers" WHERE ("customers"."email" = 'scott@vodpod.com') LIMIT 1[0m
  [4;36;1mPhoto Load (0.2ms)[0m   [0;1mSELECT * FROM "photos" WHERE ("photos"."id" = '13') AND ("photos".customer_id = 1) LIMIT 1[0m
  [4;35;1mPhoto Update (0.6ms)[0m   [0mUPDATE "photos" SET "comments" = '', "style" = 'star', "updated_at" = '2010-06-29 03:31:16', "product" = 'pro' WHERE "id" = 13[0m
Rendering template within layouts/application
Rendering application/purchase
Completed in 24ms (View: 5, DB: 1) | 200 OK [http://localhost/purchase]
  [4;36;1mPhoto Load (0.5ms)[0m   [0;1mSELECT * FROM "photos" ORDER BY photos.id DESC LIMIT 1[0m
